<?xml version="1.0" encoding="UTF-8"?>
<!-- Generated by org.testng.reporters.JUnitXMLReporter -->
<testsuite hostname="Akshay" ignored="0" name="Flight Search Test" tests="1" failures="1" timestamp="2020-06-07T17:10:01 IST" time="36.894" errors="0">
  <testcase name="searchFlightFunctionalityTest" time="25.371" classname="com.framework.FlightSearchTest.FlightSearchTest">
    <failure type="org.openqa.selenium.NoSuchElementException" message="no such element: Unable to locate element: {&amp;quot;method&amp;quot;:&amp;quot;css selector&amp;quot;,&amp;quot;selector&amp;quot;:&amp;quot;body.with-waypoint-sticky:nth-child(2) div.datepickers-container:nth-child(9) div.datepicker.-bottom-left-.-from-bottom-:nth-child(8) div.datepicker--content div.datepicker--days.datepicker--body.active div.datepicker--cells.datepicker--cells-days &amp;gt; div.datepicker--cell.datepicker--cell-day.-weekend-.-current-&amp;quot;}
  (Session info: chrome=83.0.4103.61)
For documentation on this error, please visit: http://seleniumhq.org/exceptions/no_such_element.html
Build info: version: &amp;apos;3.4.0&amp;apos;, revision: &amp;apos;unknown&amp;apos;, time: &amp;apos;unknown&amp;apos;
System info: host: &amp;apos;AKSHAY&amp;apos;, ip: &amp;apos;192.168.56.1&amp;apos;, os.name: &amp;apos;Windows 10&amp;apos;, os.arch: &amp;apos;amd64&amp;apos;, os.version: &amp;apos;10.0&amp;apos;, java.version: &amp;apos;1.8.0_251&amp;apos;
Driver info: org.openqa.selenium.chrome.ChromeDriver
Capabilities [{networkConnectionEnabled=false, chrome={chromedriverVersion=83.0.4103.39 (ccbf011cb2d2b19b506d844400483861342c20cd-refs/branch-heads/4103@{#416}), userDataDir=C:\Users\aksha\AppData\Local\Temp\scoped_dir10732_1134217440}, timeouts={implicit=0.0, pageLoad=300000.0, script=30000.0}, pageLoadStrategy=normal, unhandledPromptBehavior=dismiss and notify, strictFileInteractability=false, platform=ANY, proxy=Proxy(), goog:chromeOptions={debuggerAddress=localhost:64564}, acceptInsecureCerts=false, browserVersion=83.0.4103.61, browserName=chrome, javascriptEnabled=true, platformName=windows, setWindowRect=true, webauthn:virtualAuthenticators=true}]
Session ID: 83c961e20fbb80de3937dee9f57d22d3
*** Element info: {Using=css selector, value=body.with-waypoint-sticky:nth-child(2) div.datepickers-container:nth-child(9) div.datepicker.-bottom-left-.-from-bottom-:nth-child(8) div.datepicker--content div.datepicker--days.datepicker--body.active div.datepicker--cells.datepicker--cells-days &amp;gt; div.datepicker--cell.datepicker--cell-day.-weekend-.-current-}">
      <![CDATA[org.openqa.selenium.NoSuchElementException: no such element: Unable to locate element: {"method":"css selector","selector":"body.with-waypoint-sticky:nth-child(2) div.datepickers-container:nth-child(9) div.datepicker.-bottom-left-.-from-bottom-:nth-child(8) div.datepicker--content div.datepicker--days.datepicker--body.active div.datepicker--cells.datepicker--cells-days > div.datepicker--cell.datepicker--cell-day.-weekend-.-current-"}
  (Session info: chrome=83.0.4103.61)
For documentation on this error, please visit: http://seleniumhq.org/exceptions/no_such_element.html
Build info: version: '3.4.0', revision: 'unknown', time: 'unknown'
System info: host: 'AKSHAY', ip: '192.168.56.1', os.name: 'Windows 10', os.arch: 'amd64', os.version: '10.0', java.version: '1.8.0_251'
Driver info: org.openqa.selenium.chrome.ChromeDriver
Capabilities [{networkConnectionEnabled=false, chrome={chromedriverVersion=83.0.4103.39 (ccbf011cb2d2b19b506d844400483861342c20cd-refs/branch-heads/4103@{#416}), userDataDir=C:\Users\aksha\AppData\Local\Temp\scoped_dir10732_1134217440}, timeouts={implicit=0.0, pageLoad=300000.0, script=30000.0}, pageLoadStrategy=normal, unhandledPromptBehavior=dismiss and notify, strictFileInteractability=false, platform=ANY, proxy=Proxy(), goog:chromeOptions={debuggerAddress=localhost:64564}, acceptInsecureCerts=false, browserVersion=83.0.4103.61, browserName=chrome, javascriptEnabled=true, platformName=windows, setWindowRect=true, webauthn:virtualAuthenticators=true}]
Session ID: 83c961e20fbb80de3937dee9f57d22d3
*** Element info: {Using=css selector, value=body.with-waypoint-sticky:nth-child(2) div.datepickers-container:nth-child(9) div.datepicker.-bottom-left-.-from-bottom-:nth-child(8) div.datepicker--content div.datepicker--days.datepicker--body.active div.datepicker--cells.datepicker--cells-days > div.datepicker--cell.datepicker--cell-day.-weekend-.-current-}
at org.openqa.selenium.remote.http.W3CHttpResponseCodec.createException(W3CHttpResponseCodec.java:150)
at org.openqa.selenium.remote.http.W3CHttpResponseCodec.decode(W3CHttpResponseCodec.java:115)
at org.openqa.selenium.remote.http.W3CHttpResponseCodec.decode(W3CHttpResponseCodec.java:45)
at org.openqa.selenium.remote.HttpCommandExecutor.execute(HttpCommandExecutor.java:164)
at org.openqa.selenium.remote.service.DriverCommandExecutor.execute(DriverCommandExecutor.java:82)
at org.openqa.selenium.remote.RemoteWebDriver.execute(RemoteWebDriver.java:637)
at org.openqa.selenium.remote.RemoteWebDriver.findElement(RemoteWebDriver.java:410)
at org.openqa.selenium.remote.RemoteWebDriver.findElementByCssSelector(RemoteWebDriver.java:501)
at org.openqa.selenium.By$ByCssSelector.findElement(By.java:430)
at org.openqa.selenium.remote.RemoteWebDriver.findElement(RemoteWebDriver.java:402)
at org.openqa.selenium.support.pagefactory.DefaultElementLocator.findElement(DefaultElementLocator.java:69)
at org.openqa.selenium.support.pagefactory.internal.LocatingElementHandler.invoke(LocatingElementHandler.java:38)
at com.sun.proxy.$Proxy7.click(Unknown Source)
at com.framework.PageObjectRepository.FlightSearch.selectTraveldates(FlightSearch.java:98)
at com.framework.FlightSearchTest.FlightSearchTest.searchFlightFunctionalityTest(FlightSearchTest.java:41)
at java.util.ArrayList.forEach(Unknown Source)
... Removed 31 stack frames]]>
    </failure>
  </testcase> <!-- searchFlightFunctionalityTest -->
</testsuite> <!-- Flight Search Test -->
